<?xml version="1.0" encoding="UTF-8"?>
<!-- Generated by org.testng.reporters.JUnitReportReporter -->
<testsuite hostname="NAGIREDDY-PC" name="com.p6.qa.testcases.UserAdministrationPageTest" tests="1" failures="0" timestamp="20 Jan 2020 18:17:12 GMT" time="16.797" errors="0">
  <testcase name="verifyRowCountTest" time="16.797" classname="com.p6.qa.testcases.UserAdministrationPageTest"/>
</testsuite> <!-- com.p6.qa.testcases.UserAdministrationPageTest -->
