<?xml version="1.0" encoding="UTF-8"?>
<!-- Generated by org.testng.reporters.JUnitReportReporter -->
<testsuite hostname="NAGIREDDY-PC" name="com.p6.qa.testcases.HomePageTest" tests="3" failures="0" timestamp="18 Jan 2020 14:03:25 GMT" time="66.617" errors="0">
  <testcase name="verifyUsersTest" time="28.775" classname="com.p6.qa.testcases.HomePageTest"/>
  <testcase name="verifyUserNameTest" time="17.825" classname="com.p6.qa.testcases.HomePageTest"/>
  <testcase name="verifyHomePageTitleTest" time="20.017" classname="com.p6.qa.testcases.HomePageTest"/>
</testsuite> <!-- com.p6.qa.testcases.HomePageTest -->
