<?xml version="1.0" encoding="UTF-8"?>
<!-- Generated by org.testng.reporters.JUnitReportReporter -->
<testsuite hostname="NAGIREDDY-PC" name="com.p6.qa.testcases.LoginPageTest" tests="3" failures="0" timestamp="18 Jan 2020 12:09:25 GMT" time="33.592" errors="0">
  <testcase name="p6LogoTest" time="6.906" classname="com.p6.qa.testcases.LoginPageTest"/>
  <testcase name="loginPageTitleTest" time="8.973" classname="com.p6.qa.testcases.LoginPageTest"/>
  <testcase name="loginTest" time="17.713" classname="com.p6.qa.testcases.LoginPageTest"/>
</testsuite> <!-- com.p6.qa.testcases.LoginPageTest -->
